2025-09-16 17:53:09,764 - root - INFO - 摄像头初始化完成，分辨率: 640x480
2025-09-16 17:53:38,811 - root - INFO - 摄像头初始化完成，分辨率: 640x480
2025-09-16 17:53:46,368 - utils.torch_utils - INFO - Model Summary: 314 layers, 36497954 parameters, 6194944 gradients, 103.2 GFLOPS
2025-09-16 17:53:46,968 - utils.torch_utils - INFO - Model Summary: 314 layers, 36497954 parameters, 6194944 gradients, 103.2 GFLOPS
2025-09-16 17:53:47,005 - root - ERROR - 串口连接失败 [1/5]: could not open port 'COM3': FileNotFoundError(2, '系统找不到指定的文件。', None, 2)
2025-09-16 17:53:48,019 - root - ERROR - 串口连接失败 [2/5]: could not open port 'COM3': FileNotFoundError(2, '系统找不到指定的文件。', None, 2)
2025-09-16 17:53:49,030 - root - ERROR - 串口连接失败 [3/5]: could not open port 'COM3': FileNotFoundError(2, '系统找不到指定的文件。', None, 2)
2025-09-16 17:53:50,041 - root - ERROR - 串口连接失败 [4/5]: could not open port 'COM3': FileNotFoundError(2, '系统找不到指定的文件。', None, 2)
2025-09-16 17:53:51,053 - root - ERROR - 串口连接失败 [5/5]: could not open port 'COM3': FileNotFoundError(2, '系统找不到指定的文件。', None, 2)
2025-09-16 17:53:52,064 - root - ERROR - 达到最大重试次数，放弃串口连接
2025-09-16 17:53:52,372 - root - INFO - 摄像头资源已释放
2025-09-16 17:53:56,150 - root - WARNING - 获取视频帧失败 (尝试 1/3)
2025-09-16 17:53:57,074 - root - ERROR - 串口连接失败 [1/5]: could not open port 'COM3': FileNotFoundError(2, '系统找不到指定的文件。', None, 2)
2025-09-16 17:53:57,577 - root - INFO - 摄像头初始化完成，分辨率: 640x480
2025-09-16 17:53:58,090 - root - ERROR - 串口连接失败 [2/5]: could not open port 'COM3': FileNotFoundError(2, '系统找不到指定的文件。', None, 2)
2025-09-16 17:53:58,567 - root - INFO - 摄像头资源已释放
2025-09-16 17:53:58,670 - root - WARNING - 获取视频帧失败 (尝试 1/3)
2025-09-16 17:53:59,102 - root - ERROR - 串口连接失败 [3/5]: could not open port 'COM3': FileNotFoundError(2, '系统找不到指定的文件。', None, 2)
2025-09-16 17:54:00,042 - root - INFO - 摄像头初始化完成，分辨率: 640x480
2025-09-16 17:54:00,107 - root - ERROR - 串口连接失败 [4/5]: could not open port 'COM3': FileNotFoundError(2, '系统找不到指定的文件。', None, 2)
2025-09-16 17:54:00,965 - root - INFO - 摄像头资源已释放
2025-09-16 17:54:01,074 - root - WARNING - 获取视频帧失败 (尝试 1/3)
2025-09-16 17:54:01,123 - root - ERROR - 串口连接失败 [5/5]: could not open port 'COM3': FileNotFoundError(2, '系统找不到指定的文件。', None, 2)
2025-09-16 17:54:01,634 - root - WARNING - 获取视频帧失败 (尝试 1/3)
2025-09-16 17:54:01,812 - root - ERROR - 无法打开视频源: 0
2025-09-16 17:54:01,812 - root - ERROR - 摄像头初始化失败: 无法打开视频源
2025-09-16 17:54:02,087 - root - ERROR - 无法打开视频源: 0
2025-09-16 17:54:02,088 - root - ERROR - 摄像头初始化失败: 无法打开视频源
2025-09-16 17:54:02,176 - root - ERROR - 达到最大重试次数，放弃串口连接
2025-09-16 17:54:07,122 - root - WARNING - 获取视频帧失败 (尝试 1/3)
2025-09-16 17:54:08,373 - root - INFO - 摄像头初始化完成，分辨率: 640x480
2025-09-16 17:54:09,289 - root - INFO - 摄像头资源已释放
2025-09-16 17:54:09,384 - root - WARNING - 获取视频帧失败 (尝试 1/3)
2025-09-16 17:54:10,765 - root - INFO - 摄像头初始化完成，分辨率: 640x480
2025-09-16 17:54:11,678 - root - INFO - 摄像头资源已释放
2025-09-16 17:54:11,783 - root - WARNING - 获取视频帧失败 (尝试 1/3)
2025-09-16 17:54:12,141 - root - WARNING - 获取视频帧失败 (尝试 1/3)
2025-09-16 17:54:12,210 - root - ERROR - 无法打开视频源: 0
2025-09-16 17:54:12,210 - root - ERROR - 摄像头初始化失败: 无法打开视频源
2025-09-16 17:54:12,374 - root - ERROR - 无法打开视频源: 0
2025-09-16 17:54:12,375 - root - ERROR - 摄像头初始化失败: 无法打开视频源
2025-09-16 17:54:16,128 - root - WARNING - 获取视频帧失败 (尝试 1/3)
2025-09-16 17:54:17,449 - root - INFO - 摄像头初始化完成，分辨率: 640x480
2025-09-16 17:54:18,432 - root - INFO - 摄像头资源已释放
2025-09-16 17:54:18,532 - root - WARNING - 获取视频帧失败 (尝试 1/3)
2025-09-16 17:54:19,840 - root - INFO - 摄像头初始化完成，分辨率: 640x480
2025-09-16 17:54:20,752 - root - INFO - 摄像头资源已释放
2025-09-16 17:54:20,865 - root - WARNING - 获取视频帧失败 (尝试 1/3)
2025-09-16 17:54:22,024 - root - INFO - 摄像头初始化完成，分辨率: 640x480
2025-09-16 17:54:22,908 - root - INFO - 摄像头资源已释放
2025-09-16 17:54:23,028 - root - WARNING - 获取视频帧失败 (尝试 1/3)
2025-09-16 17:54:24,320 - root - INFO - 摄像头初始化完成，分辨率: 640x480
2025-09-16 17:54:25,240 - root - INFO - 摄像头资源已释放
2025-09-16 17:54:25,354 - root - WARNING - 获取视频帧失败 (尝试 1/3)
2025-09-16 17:54:25,439 - root - WARNING - 获取视频帧失败 (尝试 1/3)
2025-09-16 17:54:26,407 - root - WARNING - 获取视频帧失败 (尝试 1/3)
2025-09-16 19:22:11,941 - root - INFO - 摄像头初始化完成
2025-09-16 19:52:53,936 - root - INFO - 摄像头初始化完成，分辨率: 640x480, FPS: 19
2025-09-16 19:53:06,134 - utils.torch_utils - INFO - Model Summary: 314 layers, 36497954 parameters, 6194944 gradients, 103.2 GFLOPS
2025-09-16 19:53:06,491 - utils.torch_utils - INFO - Model Summary: 314 layers, 36497954 parameters, 6194944 gradients, 103.2 GFLOPS
2025-09-16 19:53:06,513 - root - ERROR - 串口连接失败 [1/5]: could not open port 'COM3': FileNotFoundError(2, '系统找不到指定的文件。', None, 2)
2025-09-16 19:53:07,514 - root - ERROR - 串口连接失败 [2/5]: could not open port 'COM3': FileNotFoundError(2, '系统找不到指定的文件。', None, 2)
2025-09-16 19:53:08,515 - root - ERROR - 串口连接失败 [3/5]: could not open port 'COM3': FileNotFoundError(2, '系统找不到指定的文件。', None, 2)
2025-09-16 19:53:09,516 - root - ERROR - 串口连接失败 [4/5]: could not open port 'COM3': FileNotFoundError(2, '系统找不到指定的文件。', None, 2)
2025-09-16 19:53:10,516 - root - ERROR - 串口连接失败 [5/5]: could not open port 'COM3': FileNotFoundError(2, '系统找不到指定的文件。', None, 2)
2025-09-16 19:53:11,517 - root - ERROR - 达到最大重试次数，放弃串口连接
2025-09-16 19:53:11,820 - root - INFO - 摄像头资源已释放
2025-09-16 19:53:14,025 - root - ERROR - 连续多次获取视频帧失败
2025-09-16 19:53:16,519 - root - ERROR - 串口连接失败 [1/5]: could not open port 'COM3': FileNotFoundError(2, '系统找不到指定的文件。', None, 2)
2025-09-16 19:53:16,803 - root - ERROR - 连续多次获取视频帧失败
2025-09-16 19:53:17,531 - root - ERROR - 串口连接失败 [2/5]: could not open port 'COM3': FileNotFoundError(2, '系统找不到指定的文件。', None, 2)
2025-09-16 19:53:17,780 - root - ERROR - 连续多次获取视频帧失败
2025-09-16 19:53:18,025 - root - ERROR - 连续多次获取视频帧失败
2025-09-16 19:53:18,242 - root - ERROR - 连续多次获取视频帧失败
2025-09-16 19:53:18,413 - root - ERROR - 连续多次获取视频帧失败
2025-09-16 19:53:18,536 - root - ERROR - 串口连接失败 [3/5]: could not open port 'COM3': FileNotFoundError(2, '系统找不到指定的文件。', None, 2)
2025-09-16 19:53:18,612 - root - ERROR - 连续多次获取视频帧失败
2025-09-16 19:53:18,800 - root - ERROR - 连续多次获取视频帧失败
2025-09-16 19:53:19,001 - root - ERROR - 连续多次获取视频帧失败
2025-09-16 19:53:19,185 - root - ERROR - 连续多次获取视频帧失败
2025-09-16 19:53:19,370 - root - ERROR - 连续多次获取视频帧失败
2025-09-16 19:53:19,543 - root - ERROR - 串口连接失败 [4/5]: could not open port 'COM3': FileNotFoundError(2, '系统找不到指定的文件。', None, 2)
2025-09-16 19:53:19,666 - root - ERROR - 连续多次获取视频帧失败
2025-09-16 19:53:19,899 - root - ERROR - 连续多次获取视频帧失败
2025-09-16 19:53:20,115 - root - ERROR - 连续多次获取视频帧失败
2025-09-16 19:53:20,316 - root - ERROR - 连续多次获取视频帧失败
2025-09-16 19:53:20,515 - root - ERROR - 连续多次获取视频帧失败
2025-09-16 19:53:20,561 - root - ERROR - 串口连接失败 [5/5]: could not open port 'COM3': FileNotFoundError(2, '系统找不到指定的文件。', None, 2)
2025-09-16 19:53:20,718 - root - ERROR - 连续多次获取视频帧失败
2025-09-16 19:53:21,566 - root - ERROR - 达到最大重试次数，放弃串口连接
2025-09-23 09:55:41,881 - root - INFO - 摄像头初始化完成，分辨率: 640x480
2025-09-23 09:56:02,300 - utils.torch_utils - INFO - Model Summary: 314 layers, 36497954 parameters, 6194944 gradients, 103.2 GFLOPS
2025-09-23 09:56:03,662 - utils.torch_utils - INFO - Model Summary: 314 layers, 36497954 parameters, 6194944 gradients, 103.2 GFLOPS
2025-09-23 09:56:03,770 - root - ERROR - 串口连接失败 [1/5]: could not open port 'COM3': FileNotFoundError(2, '系统找不到指定的文件。', None, 2)
2025-09-23 09:56:04,772 - root - ERROR - 串口连接失败 [2/5]: could not open port 'COM3': FileNotFoundError(2, '系统找不到指定的文件。', None, 2)
2025-09-23 09:56:05,776 - root - ERROR - 串口连接失败 [3/5]: could not open port 'COM3': FileNotFoundError(2, '系统找不到指定的文件。', None, 2)
2025-09-23 09:56:06,787 - root - ERROR - 串口连接失败 [4/5]: could not open port 'COM3': FileNotFoundError(2, '系统找不到指定的文件。', None, 2)
2025-09-23 09:56:07,800 - root - ERROR - 串口连接失败 [5/5]: could not open port 'COM3': FileNotFoundError(2, '系统找不到指定的文件。', None, 2)
2025-09-23 09:56:08,813 - root - ERROR - 达到最大重试次数，放弃串口连接
2025-09-23 09:56:09,137 - root - INFO - 摄像头资源已释放
2025-09-23 09:56:13,821 - root - ERROR - 串口连接失败 [1/5]: could not open port 'COM3': FileNotFoundError(2, '系统找不到指定的文件。', None, 2)
2025-09-23 09:56:14,826 - root - ERROR - 串口连接失败 [2/5]: could not open port 'COM3': FileNotFoundError(2, '系统找不到指定的文件。', None, 2)
2025-09-23 09:56:15,008 - root - WARNING - 获取视频帧失败 (尝试 1/3)
2025-09-23 09:56:15,832 - root - ERROR - 串口连接失败 [3/5]: could not open port 'COM3': FileNotFoundError(2, '系统找不到指定的文件。', None, 2)
2025-09-23 09:56:16,843 - root - ERROR - 串口连接失败 [4/5]: could not open port 'COM3': FileNotFoundError(2, '系统找不到指定的文件。', None, 2)
2025-09-23 09:56:17,456 - root - INFO - 摄像头初始化完成，分辨率: 640x480
2025-09-23 09:56:17,853 - root - ERROR - 串口连接失败 [5/5]: could not open port 'COM3': FileNotFoundError(2, '系统找不到指定的文件。', None, 2)
2025-09-23 09:56:18,465 - root - INFO - 摄像头资源已释放
2025-09-23 09:56:18,627 - root - WARNING - 获取视频帧失败 (尝试 1/3)
2025-09-23 09:56:18,864 - root - ERROR - 达到最大重试次数，放弃串口连接
2025-09-23 09:56:21,052 - root - INFO - 摄像头初始化完成，分辨率: 640x480
2025-09-23 09:56:21,984 - root - INFO - 摄像头资源已释放
2025-09-23 09:56:22,123 - root - WARNING - 获取视频帧失败 (尝试 1/3)
2025-09-23 09:56:24,764 - root - INFO - 摄像头初始化完成，分辨率: 640x480
2025-09-23 09:56:25,586 - root - WARNING - 获取视频帧失败 (尝试 1/3)
2025-09-23 09:56:25,696 - root - INFO - 摄像头资源已释放
2025-09-23 09:56:26,535 - root - WARNING - 获取视频帧失败 (尝试 1/3)
2025-09-23 09:56:28,652 - root - WARNING - 获取视频帧失败 (尝试 1/3)
