2025-06-12 19:06:28,832 - root - INFO - 摄像头初始化完成，分辨率: 640x480
2025-06-12 19:06:38,042 - utils.torch_utils - INFO - Model Summary: 314 layers, 36497954 parameters, 6194944 gradients, 103.2 GFLOPS
2025-06-12 19:06:38,639 - utils.torch_utils - INFO - Model Summary: 314 layers, 36497954 parameters, 6194944 gradients, 103.2 GFLOPS
2025-06-12 19:06:38,669 - root - ERROR - 串口连接失败 [1/5]: could not open port 'COM3': FileNotFoundError(2, '系统找不到指定的文件。', None, 2)
2025-06-12 19:06:39,671 - root - ERROR - 串口连接失败 [2/5]: could not open port 'COM3': FileNotFoundError(2, '系统找不到指定的文件。', None, 2)
2025-06-12 19:06:40,672 - root - ERROR - 串口连接失败 [3/5]: could not open port 'COM3': FileNotFoundError(2, '系统找不到指定的文件。', None, 2)
2025-06-12 19:06:41,674 - root - ERROR - 串口连接失败 [4/5]: could not open port 'COM3': FileNotFoundError(2, '系统找不到指定的文件。', None, 2)
2025-06-12 19:06:42,675 - root - ERROR - 串口连接失败 [5/5]: could not open port 'COM3': FileNotFoundError(2, '系统找不到指定的文件。', None, 2)
2025-06-12 19:06:43,677 - root - ERROR - 达到最大重试次数，放弃串口连接
2025-06-12 19:06:44,043 - root - INFO - 摄像头资源已释放
2025-06-12 19:06:48,679 - root - ERROR - 串口连接失败 [1/5]: could not open port 'COM3': FileNotFoundError(2, '系统找不到指定的文件。', None, 2)
2025-06-12 19:06:49,692 - root - ERROR - 串口连接失败 [2/5]: could not open port 'COM3': FileNotFoundError(2, '系统找不到指定的文件。', None, 2)
2025-06-12 19:06:50,697 - root - ERROR - 串口连接失败 [3/5]: could not open port 'COM3': FileNotFoundError(2, '系统找不到指定的文件。', None, 2)
2025-06-12 19:06:51,709 - root - ERROR - 串口连接失败 [4/5]: could not open port 'COM3': FileNotFoundError(2, '系统找不到指定的文件。', None, 2)
2025-06-12 19:06:52,720 - root - ERROR - 串口连接失败 [5/5]: could not open port 'COM3': FileNotFoundError(2, '系统找不到指定的文件。', None, 2)
2025-06-12 19:06:53,732 - root - ERROR - 达到最大重试次数，放弃串口连接
2025-06-12 19:07:06,922 - root - WARNING - 获取视频帧失败 (尝试 1/3)
2025-06-12 19:07:08,027 - root - INFO - 摄像头初始化完成，分辨率: 640x480
2025-06-12 19:07:08,982 - root - INFO - 摄像头资源已释放
2025-06-12 19:07:09,033 - root - WARNING - 获取视频帧失败 (尝试 1/3)
2025-06-12 19:07:10,007 - root - INFO - 摄像头初始化完成，分辨率: 640x480
2025-06-12 19:07:10,897 - root - INFO - 摄像头资源已释放
2025-06-12 19:07:10,951 - root - WARNING - 获取视频帧失败 (尝试 1/3)
2025-06-12 19:07:11,894 - root - INFO - 摄像头初始化完成，分辨率: 640x480
2025-06-12 19:07:12,782 - root - INFO - 摄像头资源已释放
2025-06-12 19:07:12,833 - root - WARNING - 获取视频帧失败 (尝试 1/3)
2025-06-12 19:07:13,768 - root - INFO - 摄像头初始化完成，分辨率: 640x480
2025-06-12 19:07:14,657 - root - INFO - 摄像头资源已释放
2025-06-12 19:07:14,706 - root - WARNING - 获取视频帧失败 (尝试 1/3)
2025-06-12 19:07:15,644 - root - INFO - 摄像头初始化完成，分辨率: 640x480
2025-06-12 19:07:16,497 - root - INFO - 摄像头资源已释放
2025-06-12 19:07:16,549 - root - WARNING - 获取视频帧失败 (尝试 1/3)
2025-06-12 19:07:17,487 - root - INFO - 摄像头初始化完成，分辨率: 640x480
2025-06-12 19:07:18,374 - root - INFO - 摄像头资源已释放
2025-06-12 19:07:18,428 - root - WARNING - 获取视频帧失败 (尝试 1/3)
2025-06-12 19:07:19,388 - root - INFO - 摄像头初始化完成，分辨率: 640x480
2025-06-12 19:07:20,274 - root - INFO - 摄像头资源已释放
2025-06-12 19:07:20,327 - root - WARNING - 获取视频帧失败 (尝试 1/3)
2025-06-12 19:07:21,261 - root - INFO - 摄像头初始化完成，分辨率: 640x480
2025-06-12 19:07:22,151 - root - INFO - 摄像头资源已释放
2025-06-12 19:07:22,205 - root - WARNING - 获取视频帧失败 (尝试 1/3)
2025-06-12 19:07:23,201 - root - INFO - 摄像头初始化完成，分辨率: 640x480
2025-06-12 19:07:24,090 - root - INFO - 摄像头资源已释放
2025-06-12 19:07:24,147 - root - WARNING - 获取视频帧失败 (尝试 1/3)
2025-06-12 19:07:25,089 - root - INFO - 摄像头初始化完成，分辨率: 640x480
2025-06-12 19:07:25,976 - root - INFO - 摄像头资源已释放
2025-06-12 19:07:26,036 - root - WARNING - 获取视频帧失败 (尝试 1/3)
2025-06-12 19:07:27,035 - root - INFO - 摄像头初始化完成，分辨率: 640x480
2025-06-12 19:07:27,924 - root - INFO - 摄像头资源已释放
2025-06-12 19:07:27,991 - root - WARNING - 获取视频帧失败 (尝试 1/3)
2025-06-12 19:07:29,089 - root - INFO - 摄像头初始化完成，分辨率: 640x480
2025-06-12 19:07:29,981 - root - INFO - 摄像头资源已释放
2025-06-12 19:07:30,054 - root - WARNING - 获取视频帧失败 (尝试 1/3)
2025-06-12 19:07:31,217 - root - INFO - 摄像头初始化完成，分辨率: 640x480
2025-06-12 19:07:32,110 - root - INFO - 摄像头资源已释放
2025-06-12 19:07:32,177 - root - WARNING - 获取视频帧失败 (尝试 1/3)
2025-06-12 19:07:33,317 - root - INFO - 摄像头初始化完成，分辨率: 640x480
2025-06-12 19:07:34,107 - root - INFO - 摄像头资源已释放
2025-06-12 19:07:34,173 - root - WARNING - 获取视频帧失败 (尝试 1/3)
2025-06-12 19:07:35,422 - root - INFO - 摄像头初始化完成，分辨率: 640x480
2025-06-12 19:07:36,210 - root - INFO - 摄像头资源已释放
2025-06-12 19:07:36,276 - root - WARNING - 获取视频帧失败 (尝试 1/3)
2025-06-12 19:07:37,418 - root - INFO - 摄像头初始化完成，分辨率: 640x480
2025-06-12 19:07:38,209 - root - INFO - 摄像头资源已释放
2025-06-12 19:07:38,279 - root - WARNING - 获取视频帧失败 (尝试 1/3)
2025-06-12 19:07:39,380 - root - INFO - 摄像头初始化完成，分辨率: 640x480
2025-06-12 19:07:40,203 - root - INFO - 摄像头资源已释放
2025-06-12 19:07:40,268 - root - WARNING - 获取视频帧失败 (尝试 1/3)
2025-06-12 19:07:41,430 - root - INFO - 摄像头初始化完成，分辨率: 640x480
2025-06-12 19:07:42,320 - root - INFO - 摄像头资源已释放
2025-06-12 19:07:42,385 - root - WARNING - 获取视频帧失败 (尝试 1/3)
2025-06-12 19:07:43,544 - root - INFO - 摄像头初始化完成，分辨率: 640x480
2025-06-12 19:07:44,435 - root - INFO - 摄像头资源已释放
2025-06-12 19:07:44,503 - root - WARNING - 获取视频帧失败 (尝试 1/3)
2025-06-12 19:07:45,661 - root - INFO - 摄像头初始化完成，分辨率: 640x480
2025-06-12 19:07:46,545 - root - INFO - 摄像头资源已释放
2025-06-12 19:07:46,600 - root - WARNING - 获取视频帧失败 (尝试 1/3)
2025-06-12 19:07:47,638 - root - INFO - 摄像头初始化完成，分辨率: 640x480
2025-06-12 19:07:48,526 - root - INFO - 摄像头资源已释放
2025-06-12 19:07:48,577 - root - WARNING - 获取视频帧失败 (尝试 1/3)
2025-06-12 19:07:49,587 - root - INFO - 摄像头初始化完成，分辨率: 640x480
2025-06-12 19:07:50,476 - root - INFO - 摄像头资源已释放
2025-06-12 19:07:50,527 - root - WARNING - 获取视频帧失败 (尝试 1/3)
2025-06-12 19:07:51,542 - root - INFO - 摄像头初始化完成，分辨率: 640x480
2025-06-12 19:07:52,432 - root - INFO - 摄像头资源已释放
2025-06-12 19:07:52,490 - root - WARNING - 获取视频帧失败 (尝试 1/3)
2025-06-12 19:07:53,533 - root - INFO - 摄像头初始化完成，分辨率: 640x480
2025-06-12 19:07:54,423 - root - INFO - 摄像头资源已释放
2025-06-12 19:07:54,476 - root - WARNING - 获取视频帧失败 (尝试 1/3)
2025-06-12 19:07:55,495 - root - INFO - 摄像头初始化完成，分辨率: 640x480
2025-06-12 19:07:56,384 - root - INFO - 摄像头资源已释放
2025-06-12 19:07:56,440 - root - WARNING - 获取视频帧失败 (尝试 1/3)
2025-06-12 19:07:57,470 - root - INFO - 摄像头初始化完成，分辨率: 640x480
2025-06-12 19:07:58,357 - root - INFO - 摄像头资源已释放
2025-06-12 19:07:58,409 - root - WARNING - 获取视频帧失败 (尝试 1/3)
2025-06-12 19:07:59,410 - root - INFO - 摄像头初始化完成，分辨率: 640x480
2025-06-12 19:08:00,299 - root - INFO - 摄像头资源已释放
2025-06-12 19:08:00,350 - root - WARNING - 获取视频帧失败 (尝试 1/3)
2025-06-12 19:08:01,393 - root - INFO - 摄像头初始化完成，分辨率: 640x480
2025-06-12 19:08:02,278 - root - INFO - 摄像头资源已释放
2025-06-12 19:08:02,334 - root - WARNING - 获取视频帧失败 (尝试 1/3)
2025-06-12 19:08:03,331 - root - INFO - 摄像头初始化完成，分辨率: 640x480
2025-06-12 19:08:04,218 - root - INFO - 摄像头资源已释放
2025-06-12 19:08:04,270 - root - WARNING - 获取视频帧失败 (尝试 1/3)
2025-06-12 19:08:05,275 - root - INFO - 摄像头初始化完成，分辨率: 640x480
2025-06-12 19:08:06,163 - root - INFO - 摄像头资源已释放
2025-06-12 19:08:06,214 - root - WARNING - 获取视频帧失败 (尝试 1/3)
2025-06-12 19:08:07,234 - root - INFO - 摄像头初始化完成，分辨率: 640x480
2025-06-12 19:08:08,126 - root - INFO - 摄像头资源已释放
2025-06-12 19:08:08,184 - root - WARNING - 获取视频帧失败 (尝试 1/3)
2025-06-12 19:08:09,202 - root - INFO - 摄像头初始化完成，分辨率: 640x480
2025-06-12 19:08:10,090 - root - INFO - 摄像头资源已释放
2025-06-12 19:08:10,144 - root - WARNING - 获取视频帧失败 (尝试 1/3)
2025-06-12 19:08:11,134 - root - INFO - 摄像头初始化完成，分辨率: 640x480
2025-06-12 19:08:12,023 - root - INFO - 摄像头资源已释放
2025-06-12 19:08:12,073 - root - WARNING - 获取视频帧失败 (尝试 1/3)
2025-06-12 19:08:13,080 - root - INFO - 摄像头初始化完成，分辨率: 640x480
2025-06-12 19:08:13,970 - root - INFO - 摄像头资源已释放
2025-06-12 19:08:14,023 - root - WARNING - 获取视频帧失败 (尝试 1/3)
2025-06-12 19:08:15,033 - root - INFO - 摄像头初始化完成，分辨率: 640x480
2025-06-12 19:08:15,922 - root - INFO - 摄像头资源已释放
2025-06-12 19:08:15,973 - root - WARNING - 获取视频帧失败 (尝试 1/3)
2025-06-12 19:08:16,982 - root - INFO - 摄像头初始化完成，分辨率: 640x480
2025-06-12 19:08:17,868 - root - INFO - 摄像头资源已释放
2025-06-12 19:08:17,921 - root - WARNING - 获取视频帧失败 (尝试 1/3)
2025-06-12 19:08:18,933 - root - INFO - 摄像头初始化完成，分辨率: 640x480
2025-06-12 19:08:19,825 - root - INFO - 摄像头资源已释放
2025-06-12 19:08:19,876 - root - WARNING - 获取视频帧失败 (尝试 1/3)
2025-06-12 19:08:20,878 - root - INFO - 摄像头初始化完成，分辨率: 640x480
2025-06-12 19:08:21,767 - root - INFO - 摄像头资源已释放
2025-06-12 19:08:21,818 - root - WARNING - 获取视频帧失败 (尝试 1/3)
2025-06-12 19:08:22,910 - root - INFO - 摄像头初始化完成，分辨率: 640x480
2025-06-12 19:08:23,824 - root - INFO - 摄像头资源已释放
2025-06-12 19:08:23,876 - root - WARNING - 获取视频帧失败 (尝试 1/3)
2025-06-12 19:08:24,925 - root - INFO - 摄像头初始化完成，分辨率: 640x480
2025-06-12 19:08:25,845 - root - INFO - 摄像头资源已释放
2025-06-12 19:08:25,897 - root - WARNING - 获取视频帧失败 (尝试 1/3)
2025-06-12 19:08:26,906 - root - INFO - 摄像头初始化完成，分辨率: 640x480
2025-06-12 19:08:27,791 - root - INFO - 摄像头资源已释放
2025-06-12 19:08:27,846 - root - WARNING - 获取视频帧失败 (尝试 1/3)
2025-06-12 19:08:28,892 - root - INFO - 摄像头初始化完成，分辨率: 640x480
2025-06-12 19:08:29,814 - root - INFO - 摄像头资源已释放
2025-06-12 19:08:29,864 - root - WARNING - 获取视频帧失败 (尝试 1/3)
2025-06-12 19:08:30,915 - root - INFO - 摄像头初始化完成，分辨率: 640x480
2025-06-12 19:08:31,802 - root - INFO - 摄像头资源已释放
2025-06-12 19:08:31,855 - root - WARNING - 获取视频帧失败 (尝试 1/3)
2025-06-12 19:08:32,875 - root - INFO - 摄像头初始化完成，分辨率: 640x480
2025-06-12 19:08:33,764 - root - INFO - 摄像头资源已释放
2025-06-12 19:08:33,818 - root - WARNING - 获取视频帧失败 (尝试 1/3)
2025-06-12 19:08:34,817 - root - INFO - 摄像头初始化完成，分辨率: 640x480
2025-06-12 19:08:35,702 - root - INFO - 摄像头资源已释放
2025-06-12 19:08:35,754 - root - WARNING - 获取视频帧失败 (尝试 1/3)
2025-06-12 19:08:36,786 - root - INFO - 摄像头初始化完成，分辨率: 640x480
2025-06-12 19:08:37,709 - root - INFO - 摄像头资源已释放
2025-06-12 19:08:37,767 - root - WARNING - 获取视频帧失败 (尝试 1/3)
2025-06-12 19:08:38,839 - root - INFO - 摄像头初始化完成，分辨率: 640x480
2025-06-12 19:08:39,759 - root - INFO - 摄像头资源已释放
2025-06-12 19:08:39,812 - root - WARNING - 获取视频帧失败 (尝试 1/3)
2025-06-12 19:08:40,848 - root - INFO - 摄像头初始化完成，分辨率: 640x480
2025-06-12 19:08:41,771 - root - INFO - 摄像头资源已释放
2025-06-12 19:08:41,824 - root - WARNING - 获取视频帧失败 (尝试 1/3)
2025-06-12 19:08:42,891 - root - INFO - 摄像头初始化完成，分辨率: 640x480
2025-06-12 19:08:43,810 - root - INFO - 摄像头资源已释放
2025-06-12 19:08:43,864 - root - WARNING - 获取视频帧失败 (尝试 1/3)
2025-06-12 19:08:44,903 - root - INFO - 摄像头初始化完成，分辨率: 640x480
2025-06-12 19:08:45,791 - root - INFO - 摄像头资源已释放
2025-06-12 19:08:45,845 - root - WARNING - 获取视频帧失败 (尝试 1/3)
2025-06-12 19:08:46,835 - root - INFO - 摄像头初始化完成，分辨率: 640x480
2025-06-12 19:08:47,723 - root - INFO - 摄像头资源已释放
2025-06-12 19:08:47,772 - root - WARNING - 获取视频帧失败 (尝试 1/3)
2025-06-12 19:08:48,760 - root - INFO - 摄像头初始化完成，分辨率: 640x480
2025-06-12 19:08:49,648 - root - INFO - 摄像头资源已释放
2025-06-12 19:08:49,701 - root - WARNING - 获取视频帧失败 (尝试 1/3)
2025-06-12 19:08:50,730 - root - INFO - 摄像头初始化完成，分辨率: 640x480
2025-06-12 19:08:51,649 - root - INFO - 摄像头资源已释放
2025-06-12 19:08:51,704 - root - WARNING - 获取视频帧失败 (尝试 1/3)
2025-06-12 19:08:52,763 - root - INFO - 摄像头初始化完成，分辨率: 640x480
2025-06-12 19:08:53,684 - root - INFO - 摄像头资源已释放
2025-06-12 19:08:53,734 - root - WARNING - 获取视频帧失败 (尝试 1/3)
2025-06-12 19:08:54,778 - root - INFO - 摄像头初始化完成，分辨率: 640x480
2025-06-12 19:08:55,699 - root - INFO - 摄像头资源已释放
2025-06-12 19:08:55,750 - root - WARNING - 获取视频帧失败 (尝试 1/3)
2025-06-12 19:08:56,773 - root - INFO - 摄像头初始化完成，分辨率: 640x480
2025-06-12 19:08:57,694 - root - INFO - 摄像头资源已释放
2025-06-12 19:08:57,747 - root - WARNING - 获取视频帧失败 (尝试 1/3)
2025-06-12 19:08:58,797 - root - INFO - 摄像头初始化完成，分辨率: 640x480
2025-06-12 19:08:59,717 - root - INFO - 摄像头资源已释放
2025-06-12 19:08:59,769 - root - WARNING - 获取视频帧失败 (尝试 1/3)
2025-06-12 19:09:00,828 - root - INFO - 摄像头初始化完成，分辨率: 640x480
2025-06-12 19:09:01,715 - root - INFO - 摄像头资源已释放
2025-06-12 19:09:01,765 - root - WARNING - 获取视频帧失败 (尝试 1/3)
2025-06-12 19:09:02,770 - root - INFO - 摄像头初始化完成，分辨率: 640x480
2025-06-12 19:09:03,660 - root - INFO - 摄像头资源已释放
2025-06-12 19:09:03,714 - root - WARNING - 获取视频帧失败 (尝试 1/3)
2025-06-12 19:09:04,712 - root - INFO - 摄像头初始化完成，分辨率: 640x480
2025-06-12 19:09:05,606 - root - INFO - 摄像头资源已释放
2025-06-12 19:09:05,657 - root - WARNING - 获取视频帧失败 (尝试 1/3)
2025-06-12 19:09:06,654 - root - INFO - 摄像头初始化完成，分辨率: 640x480
2025-06-12 19:09:07,544 - root - INFO - 摄像头资源已释放
2025-06-12 19:09:07,600 - root - WARNING - 获取视频帧失败 (尝试 1/3)
2025-06-12 19:09:08,641 - root - INFO - 摄像头初始化完成，分辨率: 640x480
2025-06-12 19:09:09,530 - root - INFO - 摄像头资源已释放
2025-06-12 19:10:05,217 - root - WARNING - 获取视频帧失败 (尝试 1/3)
2025-06-12 19:10:07,904 - root - INFO - 摄像头初始化完成，分辨率: 640x480
2025-06-12 19:10:08,798 - root - INFO - 摄像头资源已释放
2025-06-12 19:10:08,882 - root - WARNING - 获取视频帧失败 (尝试 1/3)
2025-06-12 19:10:10,517 - root - INFO - 摄像头初始化完成，分辨率: 640x480
2025-06-12 19:10:11,416 - root - INFO - 摄像头资源已释放
2025-06-12 19:10:11,491 - root - WARNING - 获取视频帧失败 (尝试 1/3)
2025-06-12 19:10:13,180 - root - INFO - 摄像头初始化完成，分辨率: 640x480
2025-06-12 19:10:14,086 - root - INFO - 摄像头资源已释放
2025-06-12 19:10:14,182 - root - WARNING - 获取视频帧失败 (尝试 1/3)
2025-06-12 19:10:16,333 - root - INFO - 摄像头初始化完成，分辨率: 640x480
2025-06-12 19:10:17,230 - root - INFO - 摄像头资源已释放
2025-06-12 19:10:17,312 - root - WARNING - 获取视频帧失败 (尝试 1/3)
2025-06-12 19:10:18,973 - root - INFO - 摄像头初始化完成，分辨率: 640x480
2025-06-12 19:10:19,906 - root - INFO - 摄像头资源已释放
2025-06-12 19:10:19,991 - root - WARNING - 获取视频帧失败 (尝试 1/3)
2025-06-12 19:10:22,010 - root - INFO - 摄像头初始化完成，分辨率: 640x480
2025-06-12 19:10:22,955 - root - INFO - 摄像头资源已释放
2025-06-12 19:10:23,067 - root - WARNING - 获取视频帧失败 (尝试 1/3)
2025-06-12 19:10:25,020 - root - INFO - 摄像头初始化完成，分辨率: 640x480
2025-06-12 19:10:25,948 - root - INFO - 摄像头资源已释放
2025-06-12 19:10:26,027 - root - WARNING - 获取视频帧失败 (尝试 1/3)
2025-06-12 19:10:27,695 - root - INFO - 摄像头初始化完成，分辨率: 640x480
2025-06-12 19:10:28,582 - root - INFO - 摄像头资源已释放
2025-06-12 19:10:28,654 - root - WARNING - 获取视频帧失败 (尝试 1/3)
2025-06-12 19:10:30,244 - root - INFO - 摄像头初始化完成，分辨率: 640x480
2025-06-12 19:10:31,137 - root - INFO - 摄像头资源已释放
2025-06-12 19:10:31,213 - root - WARNING - 获取视频帧失败 (尝试 1/3)
2025-06-12 19:10:32,947 - root - INFO - 摄像头初始化完成，分辨率: 640x480
2025-06-12 19:10:33,879 - root - INFO - 摄像头资源已释放
2025-06-12 19:10:33,977 - root - WARNING - 获取视频帧失败 (尝试 1/3)
2025-06-12 19:10:37,092 - root - INFO - 摄像头初始化完成，分辨率: 640x480
2025-06-12 19:10:38,038 - root - INFO - 摄像头资源已释放
2025-06-12 19:10:38,189 - root - WARNING - 获取视频帧失败 (尝试 1/3)
2025-06-12 19:10:41,487 - root - INFO - 摄像头初始化完成，分辨率: 640x480
2025-06-12 19:10:42,377 - root - INFO - 摄像头资源已释放
2025-06-12 19:10:42,497 - root - WARNING - 获取视频帧失败 (尝试 1/3)
2025-06-12 19:10:45,467 - root - INFO - 摄像头初始化完成，分辨率: 640x480
2025-06-12 19:10:46,324 - root - INFO - 摄像头资源已释放
2025-06-12 19:10:46,414 - root - WARNING - 获取视频帧失败 (尝试 1/3)
2025-06-12 19:10:48,205 - root - INFO - 摄像头初始化完成，分辨率: 640x480
2025-06-12 19:10:49,104 - root - INFO - 摄像头资源已释放
2025-06-12 19:10:49,192 - root - WARNING - 获取视频帧失败 (尝试 1/3)
2025-06-12 19:10:51,007 - root - INFO - 摄像头初始化完成，分辨率: 640x480
2025-06-12 19:10:51,897 - root - INFO - 摄像头资源已释放
2025-06-12 19:10:51,974 - root - WARNING - 获取视频帧失败 (尝试 1/3)
2025-06-12 19:10:53,810 - root - INFO - 摄像头初始化完成，分辨率: 640x480
2025-06-12 19:10:54,706 - root - INFO - 摄像头资源已释放
2025-06-12 19:10:54,782 - root - WARNING - 获取视频帧失败 (尝试 1/3)
2025-06-12 19:10:56,478 - root - INFO - 摄像头初始化完成，分辨率: 640x480
2025-06-12 19:10:57,371 - root - INFO - 摄像头资源已释放
2025-06-12 19:10:57,450 - root - WARNING - 获取视频帧失败 (尝试 1/3)
2025-06-12 19:10:59,072 - root - INFO - 摄像头初始化完成，分辨率: 640x480
2025-06-12 19:10:59,969 - root - INFO - 摄像头资源已释放
2025-06-12 19:11:00,050 - root - WARNING - 获取视频帧失败 (尝试 1/3)
2025-06-12 19:11:01,738 - root - INFO - 摄像头初始化完成，分辨率: 640x480
2025-06-12 19:11:02,632 - root - INFO - 摄像头资源已释放
2025-06-12 19:11:02,706 - root - WARNING - 获取视频帧失败 (尝试 1/3)
2025-06-12 19:11:04,386 - root - INFO - 摄像头初始化完成，分辨率: 640x480
2025-06-12 19:11:05,282 - root - INFO - 摄像头资源已释放
2025-06-12 19:11:05,355 - root - WARNING - 获取视频帧失败 (尝试 1/3)
2025-06-12 19:11:07,036 - root - INFO - 摄像头初始化完成，分辨率: 640x480
2025-06-12 19:11:07,929 - root - INFO - 摄像头资源已释放
2025-06-12 19:11:08,019 - root - WARNING - 获取视频帧失败 (尝试 1/3)
2025-06-12 19:11:09,862 - root - INFO - 摄像头初始化完成，分辨率: 640x480
2025-06-12 19:11:10,755 - root - INFO - 摄像头资源已释放
2025-06-12 19:11:10,835 - root - WARNING - 获取视频帧失败 (尝试 1/3)
2025-06-12 19:11:12,522 - root - INFO - 摄像头初始化完成，分辨率: 640x480
2025-06-12 19:11:13,418 - root - INFO - 摄像头资源已释放
2025-06-12 19:11:13,492 - root - WARNING - 获取视频帧失败 (尝试 1/3)
2025-06-12 19:11:15,164 - root - INFO - 摄像头初始化完成，分辨率: 640x480
2025-06-12 19:11:16,095 - root - INFO - 摄像头资源已释放
2025-06-12 19:11:16,181 - root - WARNING - 获取视频帧失败 (尝试 1/3)
2025-06-12 19:11:17,944 - root - INFO - 摄像头初始化完成，分辨率: 640x480
2025-06-12 19:11:18,874 - root - INFO - 摄像头资源已释放
2025-06-12 19:11:18,972 - root - WARNING - 获取视频帧失败 (尝试 1/3)
2025-06-12 19:11:20,805 - root - INFO - 摄像头初始化完成，分辨率: 640x480
2025-06-12 19:11:21,730 - root - INFO - 摄像头资源已释放
2025-06-12 19:11:21,808 - root - WARNING - 获取视频帧失败 (尝试 1/3)
2025-06-12 19:11:23,794 - root - INFO - 摄像头初始化完成，分辨率: 640x480
2025-06-12 19:11:24,717 - root - INFO - 摄像头资源已释放
2025-06-12 19:11:24,796 - root - WARNING - 获取视频帧失败 (尝试 1/3)
2025-06-12 19:11:26,554 - root - INFO - 摄像头初始化完成，分辨率: 640x480
2025-06-12 19:11:27,484 - root - INFO - 摄像头资源已释放
2025-06-12 19:11:27,574 - root - WARNING - 获取视频帧失败 (尝试 1/3)
2025-06-12 19:11:29,440 - root - INFO - 摄像头初始化完成，分辨率: 640x480
2025-06-12 19:11:30,363 - root - INFO - 摄像头资源已释放
2025-06-12 19:11:30,443 - root - WARNING - 获取视频帧失败 (尝试 1/3)
2025-06-12 19:11:32,177 - root - INFO - 摄像头初始化完成，分辨率: 640x480
2025-06-12 19:11:33,107 - root - INFO - 摄像头资源已释放
2025-06-12 19:11:33,189 - root - WARNING - 获取视频帧失败 (尝试 1/3)
2025-06-12 19:11:34,856 - root - INFO - 摄像头初始化完成，分辨率: 640x480
2025-06-12 19:11:35,791 - root - INFO - 摄像头资源已释放
2025-06-12 19:11:35,870 - root - WARNING - 获取视频帧失败 (尝试 1/3)
2025-06-12 19:11:37,555 - root - INFO - 摄像头初始化完成，分辨率: 640x480
2025-06-12 19:11:38,490 - root - INFO - 摄像头资源已释放
2025-06-12 19:11:38,587 - root - WARNING - 获取视频帧失败 (尝试 1/3)
2025-06-12 19:11:40,524 - root - INFO - 摄像头初始化完成，分辨率: 640x480
2025-06-12 19:11:41,425 - root - INFO - 摄像头资源已释放
2025-06-12 19:11:41,502 - root - WARNING - 获取视频帧失败 (尝试 1/3)
2025-06-12 19:11:43,222 - root - INFO - 摄像头初始化完成，分辨率: 640x480
2025-06-12 19:11:44,120 - root - INFO - 摄像头资源已释放
2025-06-12 19:11:44,197 - root - WARNING - 获取视频帧失败 (尝试 1/3)
2025-06-12 19:11:45,826 - root - INFO - 摄像头初始化完成，分辨率: 640x480
2025-06-12 19:11:46,723 - root - INFO - 摄像头资源已释放
2025-06-12 19:11:46,798 - root - WARNING - 获取视频帧失败 (尝试 1/3)
2025-06-12 19:11:48,506 - root - INFO - 摄像头初始化完成，分辨率: 640x480
2025-06-12 19:11:49,436 - root - INFO - 摄像头资源已释放
2025-06-12 19:11:49,518 - root - WARNING - 获取视频帧失败 (尝试 1/3)
2025-06-12 19:11:51,175 - root - INFO - 摄像头初始化完成，分辨率: 640x480
2025-06-12 19:11:52,074 - root - INFO - 摄像头资源已释放
2025-06-12 19:11:52,150 - root - WARNING - 获取视频帧失败 (尝试 1/3)
2025-06-12 19:11:54,104 - root - INFO - 摄像头初始化完成，分辨率: 640x480
2025-06-12 19:11:55,029 - root - INFO - 摄像头资源已释放
2025-06-12 19:11:55,113 - root - WARNING - 获取视频帧失败 (尝试 1/3)
2025-06-12 19:11:56,837 - root - INFO - 摄像头初始化完成，分辨率: 640x480
2025-06-12 19:11:57,738 - root - INFO - 摄像头资源已释放
2025-06-12 19:11:57,831 - root - WARNING - 获取视频帧失败 (尝试 1/3)
2025-06-12 19:11:59,730 - root - INFO - 摄像头初始化完成，分辨率: 640x480
2025-06-12 19:12:00,231 - root - WARNING - 获取视频帧失败 (尝试 2/3)
2025-06-12 19:12:00,523 - root - INFO - 摄像头资源已释放
2025-06-12 19:15:40,125 - root - INFO - 摄像头初始化完成，分辨率: 640x480
2025-06-12 19:15:56,535 - utils.torch_utils - INFO - Model Summary: 314 layers, 36497954 parameters, 6194944 gradients, 103.2 GFLOPS
2025-06-12 19:15:57,755 - utils.torch_utils - INFO - Model Summary: 314 layers, 36497954 parameters, 6194944 gradients, 103.2 GFLOPS
2025-06-12 19:15:57,830 - root - ERROR - 串口连接失败 [1/5]: could not open port 'COM3': FileNotFoundError(2, '系统找不到指定的文件。', None, 2)
2025-06-12 19:15:58,835 - root - ERROR - 串口连接失败 [2/5]: could not open port 'COM3': FileNotFoundError(2, '系统找不到指定的文件。', None, 2)
2025-06-12 19:15:59,848 - root - ERROR - 串口连接失败 [3/5]: could not open port 'COM3': FileNotFoundError(2, '系统找不到指定的文件。', None, 2)
2025-06-12 19:16:00,864 - root - ERROR - 串口连接失败 [4/5]: could not open port 'COM3': FileNotFoundError(2, '系统找不到指定的文件。', None, 2)
2025-06-12 19:16:01,878 - root - ERROR - 串口连接失败 [5/5]: could not open port 'COM3': FileNotFoundError(2, '系统找不到指定的文件。', None, 2)
2025-06-12 19:16:02,880 - root - ERROR - 达到最大重试次数，放弃串口连接
2025-06-12 19:16:03,227 - root - INFO - 摄像头资源已释放
2025-06-12 19:16:07,900 - root - ERROR - 串口连接失败 [1/5]: could not open port 'COM3': FileNotFoundError(2, '系统找不到指定的文件。', None, 2)
2025-06-12 19:16:08,911 - root - ERROR - 串口连接失败 [2/5]: could not open port 'COM3': FileNotFoundError(2, '系统找不到指定的文件。', None, 2)
2025-06-12 19:16:09,914 - root - ERROR - 串口连接失败 [3/5]: could not open port 'COM3': FileNotFoundError(2, '系统找不到指定的文件。', None, 2)
2025-06-12 19:16:09,980 - root - WARNING - 获取视频帧失败 (尝试 1/3)
2025-06-12 19:16:10,927 - root - ERROR - 串口连接失败 [4/5]: could not open port 'COM3': FileNotFoundError(2, '系统找不到指定的文件。', None, 2)
2025-06-12 19:16:11,935 - root - ERROR - 串口连接失败 [5/5]: could not open port 'COM3': FileNotFoundError(2, '系统找不到指定的文件。', None, 2)
2025-06-12 19:16:12,731 - root - INFO - 摄像头初始化完成，分辨率: 640x480
2025-06-12 19:16:12,952 - root - ERROR - 达到最大重试次数，放弃串口连接
2025-06-12 19:16:13,769 - root - INFO - 摄像头资源已释放
2025-06-12 19:16:13,909 - root - WARNING - 获取视频帧失败 (尝试 1/3)
2025-06-12 19:16:17,424 - root - INFO - 摄像头初始化完成，分辨率: 640x480
2025-06-12 19:16:18,332 - root - INFO - 摄像头资源已释放
2025-06-12 19:16:18,524 - root - WARNING - 获取视频帧失败 (尝试 1/3)
2025-06-12 19:16:21,250 - root - INFO - 摄像头初始化完成，分辨率: 640x480
2025-06-12 19:16:22,174 - root - INFO - 摄像头资源已释放
2025-06-12 19:16:22,377 - root - WARNING - 获取视频帧失败 (尝试 1/3)
2025-06-12 19:16:24,976 - root - INFO - 摄像头初始化完成，分辨率: 640x480
2025-06-12 19:16:25,904 - root - INFO - 摄像头资源已释放
2025-06-12 19:16:26,053 - root - WARNING - 获取视频帧失败 (尝试 1/3)
2025-06-12 19:16:28,564 - root - INFO - 摄像头初始化完成，分辨率: 640x480
2025-06-12 19:16:29,490 - root - INFO - 摄像头资源已释放
2025-06-12 19:16:29,637 - root - WARNING - 获取视频帧失败 (尝试 1/3)
2025-06-12 19:16:32,540 - root - INFO - 摄像头初始化完成，分辨率: 640x480
2025-06-12 19:16:33,473 - root - INFO - 摄像头资源已释放
2025-06-12 19:16:33,634 - root - WARNING - 获取视频帧失败 (尝试 1/3)
2025-06-12 19:16:36,273 - root - INFO - 摄像头初始化完成，分辨率: 640x480
2025-06-12 19:16:37,239 - root - INFO - 摄像头资源已释放
2025-06-12 19:16:37,404 - root - WARNING - 获取视频帧失败 (尝试 1/3)
2025-06-12 19:16:39,842 - root - INFO - 摄像头初始化完成，分辨率: 640x480
2025-06-12 19:16:40,772 - root - INFO - 摄像头资源已释放
2025-06-12 19:16:40,920 - root - WARNING - 获取视频帧失败 (尝试 1/3)
2025-06-12 19:16:43,493 - root - INFO - 摄像头初始化完成，分辨率: 640x480
2025-06-12 19:16:44,424 - root - INFO - 摄像头资源已释放
2025-06-12 19:16:44,582 - root - WARNING - 获取视频帧失败 (尝试 1/3)
2025-06-12 19:16:47,611 - root - INFO - 摄像头初始化完成，分辨率: 640x480
2025-06-12 19:16:48,544 - root - INFO - 摄像头资源已释放
2025-06-12 19:16:48,689 - root - WARNING - 获取视频帧失败 (尝试 1/3)
2025-06-12 19:16:51,056 - root - INFO - 摄像头初始化完成，分辨率: 640x480
2025-06-12 19:16:51,984 - root - INFO - 摄像头资源已释放
2025-06-12 19:16:52,141 - root - WARNING - 获取视频帧失败 (尝试 1/3)
2025-06-12 19:16:54,577 - root - INFO - 摄像头初始化完成，分辨率: 640x480
2025-06-12 19:16:55,502 - root - INFO - 摄像头资源已释放
2025-06-12 19:16:55,662 - root - WARNING - 获取视频帧失败 (尝试 1/3)
2025-06-12 19:16:58,070 - root - INFO - 摄像头初始化完成，分辨率: 640x480
2025-06-12 19:16:59,004 - root - INFO - 摄像头资源已释放
2025-06-12 19:16:59,140 - root - WARNING - 获取视频帧失败 (尝试 1/3)
2025-06-12 19:17:01,624 - root - INFO - 摄像头初始化完成，分辨率: 640x480
2025-06-12 19:17:02,582 - root - INFO - 摄像头资源已释放
2025-06-12 19:17:02,724 - root - WARNING - 获取视频帧失败 (尝试 1/3)
2025-06-12 19:17:05,100 - root - INFO - 摄像头初始化完成，分辨率: 640x480
2025-06-12 19:17:06,035 - root - INFO - 摄像头资源已释放
2025-06-12 19:17:06,187 - root - WARNING - 获取视频帧失败 (尝试 1/3)
2025-06-12 19:17:08,713 - root - INFO - 摄像头初始化完成，分辨率: 640x480
2025-06-12 19:17:09,638 - root - INFO - 摄像头资源已释放
2025-06-12 19:17:09,774 - root - WARNING - 获取视频帧失败 (尝试 1/3)
2025-06-12 19:17:12,090 - root - INFO - 摄像头初始化完成，分辨率: 640x480
2025-06-12 19:17:13,026 - root - INFO - 摄像头资源已释放
2025-06-12 19:17:13,170 - root - WARNING - 获取视频帧失败 (尝试 1/3)
2025-06-12 19:17:15,610 - root - INFO - 摄像头初始化完成，分辨率: 640x480
2025-06-12 19:17:16,554 - root - INFO - 摄像头资源已释放
2025-06-12 19:17:16,715 - root - WARNING - 获取视频帧失败 (尝试 1/3)
2025-06-12 19:17:19,325 - root - INFO - 摄像头初始化完成，分辨率: 640x480
2025-06-12 19:17:20,260 - root - INFO - 摄像头资源已释放
2025-06-12 19:17:20,414 - root - WARNING - 获取视频帧失败 (尝试 1/3)
2025-06-12 19:17:22,656 - root - INFO - 摄像头初始化完成，分辨率: 640x480
2025-06-12 19:17:23,594 - root - INFO - 摄像头资源已释放
2025-06-12 19:17:23,726 - root - WARNING - 获取视频帧失败 (尝试 1/3)
2025-06-12 19:17:25,990 - root - INFO - 摄像头初始化完成，分辨率: 640x480
2025-06-12 19:17:26,925 - root - INFO - 摄像头资源已释放
2025-06-12 19:17:27,055 - root - WARNING - 获取视频帧失败 (尝试 1/3)
2025-06-12 19:17:29,380 - root - INFO - 摄像头初始化完成，分辨率: 640x480
2025-06-12 19:17:30,325 - root - INFO - 摄像头资源已释放
2025-06-12 19:17:30,494 - root - WARNING - 获取视频帧失败 (尝试 1/3)
2025-06-12 19:17:32,959 - root - INFO - 摄像头初始化完成，分辨率: 640x480
2025-06-12 19:17:33,887 - root - INFO - 摄像头资源已释放
2025-06-12 19:17:34,020 - root - WARNING - 获取视频帧失败 (尝试 1/3)
2025-06-12 19:17:36,268 - root - INFO - 摄像头初始化完成，分辨率: 640x480
2025-06-12 19:17:37,168 - root - INFO - 摄像头资源已释放
2025-06-12 19:17:37,302 - root - WARNING - 获取视频帧失败 (尝试 1/3)
2025-06-12 19:17:39,618 - root - INFO - 摄像头初始化完成，分辨率: 640x480
2025-06-12 19:17:40,663 - root - INFO - 摄像头资源已释放
2025-06-12 19:36:23,507 - root - INFO - 摄像头初始化完成，分辨率: 640x480
2025-06-12 19:36:30,658 - utils.torch_utils - INFO - Model Summary: 314 layers, 36497954 parameters, 6194944 gradients, 103.2 GFLOPS
2025-06-12 19:36:31,457 - utils.torch_utils - INFO - Model Summary: 314 layers, 36497954 parameters, 6194944 gradients, 103.2 GFLOPS
2025-06-12 19:36:31,495 - root - ERROR - 串口连接失败 [1/5]: could not open port 'COM3': FileNotFoundError(2, '系统找不到指定的文件。', None, 2)
2025-06-12 19:36:32,509 - root - ERROR - 串口连接失败 [2/5]: could not open port 'COM3': FileNotFoundError(2, '系统找不到指定的文件。', None, 2)
2025-06-12 19:36:33,522 - root - ERROR - 串口连接失败 [3/5]: could not open port 'COM3': FileNotFoundError(2, '系统找不到指定的文件。', None, 2)
2025-06-12 19:36:34,533 - root - ERROR - 串口连接失败 [4/5]: could not open port 'COM3': FileNotFoundError(2, '系统找不到指定的文件。', None, 2)
2025-06-12 19:36:35,544 - root - ERROR - 串口连接失败 [5/5]: could not open port 'COM3': FileNotFoundError(2, '系统找不到指定的文件。', None, 2)
2025-06-12 19:36:36,564 - root - ERROR - 达到最大重试次数，放弃串口连接
2025-06-12 19:36:36,860 - root - INFO - 摄像头资源已释放
2025-06-12 19:36:41,576 - root - ERROR - 串口连接失败 [1/5]: could not open port 'COM3': FileNotFoundError(2, '系统找不到指定的文件。', None, 2)
2025-06-12 19:36:42,594 - root - ERROR - 串口连接失败 [2/5]: could not open port 'COM3': FileNotFoundError(2, '系统找不到指定的文件。', None, 2)
2025-06-12 19:36:43,607 - root - ERROR - 串口连接失败 [3/5]: could not open port 'COM3': FileNotFoundError(2, '系统找不到指定的文件。', None, 2)
2025-06-12 19:36:44,621 - root - ERROR - 串口连接失败 [4/5]: could not open port 'COM3': FileNotFoundError(2, '系统找不到指定的文件。', None, 2)
2025-06-12 19:36:45,628 - root - ERROR - 串口连接失败 [5/5]: could not open port 'COM3': FileNotFoundError(2, '系统找不到指定的文件。', None, 2)
2025-06-12 19:36:46,639 - root - ERROR - 达到最大重试次数，放弃串口连接
2025-06-15 16:41:00,374 - root - INFO - 摄像头初始化完成，分辨率: 640x480
2025-06-15 16:41:12,062 - utils.torch_utils - INFO - Model Summary: 314 layers, 36497954 parameters, 6194944 gradients, 103.2 GFLOPS
2025-06-15 16:41:12,829 - utils.torch_utils - INFO - Model Summary: 314 layers, 36497954 parameters, 6194944 gradients, 103.2 GFLOPS
2025-06-15 16:41:12,906 - root - ERROR - 串口连接失败 [1/5]: could not open port 'COM3': FileNotFoundError(2, '系统找不到指定的文件。', None, 2)
2025-06-15 16:41:13,908 - root - ERROR - 串口连接失败 [2/5]: could not open port 'COM3': FileNotFoundError(2, '系统找不到指定的文件。', None, 2)
2025-06-15 16:41:14,927 - root - ERROR - 串口连接失败 [3/5]: could not open port 'COM3': FileNotFoundError(2, '系统找不到指定的文件。', None, 2)
2025-06-15 16:41:15,942 - root - ERROR - 串口连接失败 [4/5]: could not open port 'COM3': FileNotFoundError(2, '系统找不到指定的文件。', None, 2)
2025-06-15 16:41:16,948 - root - ERROR - 串口连接失败 [5/5]: could not open port 'COM3': FileNotFoundError(2, '系统找不到指定的文件。', None, 2)
2025-06-15 16:41:17,952 - root - ERROR - 达到最大重试次数，放弃串口连接
2025-06-15 16:41:18,244 - root - INFO - 摄像头资源已释放
2025-06-15 16:41:22,964 - root - ERROR - 串口连接失败 [1/5]: could not open port 'COM3': FileNotFoundError(2, '系统找不到指定的文件。', None, 2)
2025-06-15 16:41:23,977 - root - ERROR - 串口连接失败 [2/5]: could not open port 'COM3': FileNotFoundError(2, '系统找不到指定的文件。', None, 2)
2025-06-15 16:41:24,985 - root - ERROR - 串口连接失败 [3/5]: could not open port 'COM3': FileNotFoundError(2, '系统找不到指定的文件。', None, 2)
2025-06-15 16:41:25,990 - root - ERROR - 串口连接失败 [4/5]: could not open port 'COM3': FileNotFoundError(2, '系统找不到指定的文件。', None, 2)
2025-06-15 16:41:26,231 - root - WARNING - 获取视频帧失败 (尝试 1/3)
2025-06-15 16:41:26,993 - root - ERROR - 串口连接失败 [5/5]: could not open port 'COM3': FileNotFoundError(2, '系统找不到指定的文件。', None, 2)
2025-06-15 16:41:27,760 - root - INFO - 摄像头初始化完成，分辨率: 640x480
2025-06-15 16:41:28,011 - root - ERROR - 达到最大重试次数，放弃串口连接
2025-06-15 16:41:28,783 - root - INFO - 摄像头资源已释放
2025-06-15 16:41:28,905 - root - WARNING - 获取视频帧失败 (尝试 1/3)
2025-06-15 16:41:30,311 - root - INFO - 摄像头初始化完成，分辨率: 640x480
2025-06-15 16:41:31,212 - root - INFO - 摄像头资源已释放
2025-06-15 16:41:31,340 - root - WARNING - 获取视频帧失败 (尝试 1/3)
2025-06-15 16:41:32,616 - root - INFO - 摄像头初始化完成，分辨率: 640x480
2025-06-15 16:41:33,533 - root - INFO - 摄像头资源已释放
2025-06-15 16:41:33,611 - root - WARNING - 获取视频帧失败 (尝试 1/3)
2025-06-15 16:41:35,000 - root - INFO - 摄像头初始化完成，分辨率: 640x480
2025-06-15 16:41:35,885 - root - INFO - 摄像头资源已释放
2025-06-17 14:07:44,048 - root - INFO - 摄像头初始化完成，分辨率: 640x480
2025-06-17 14:07:52,271 - utils.torch_utils - INFO - Model Summary: 314 layers, 36497954 parameters, 6194944 gradients, 103.2 GFLOPS
2025-06-17 14:07:52,697 - utils.torch_utils - INFO - Model Summary: 314 layers, 36497954 parameters, 6194944 gradients, 103.2 GFLOPS
2025-06-17 14:07:52,720 - root - ERROR - 串口连接失败 [1/5]: could not open port 'COM3': FileNotFoundError(2, '系统找不到指定的文件。', None, 2)
2025-06-17 14:07:53,723 - root - ERROR - 串口连接失败 [2/5]: could not open port 'COM3': FileNotFoundError(2, '系统找不到指定的文件。', None, 2)
2025-06-17 14:07:54,724 - root - ERROR - 串口连接失败 [3/5]: could not open port 'COM3': FileNotFoundError(2, '系统找不到指定的文件。', None, 2)
2025-06-17 14:07:55,725 - root - ERROR - 串口连接失败 [4/5]: could not open port 'COM3': FileNotFoundError(2, '系统找不到指定的文件。', None, 2)
2025-06-17 14:07:56,727 - root - ERROR - 串口连接失败 [5/5]: could not open port 'COM3': FileNotFoundError(2, '系统找不到指定的文件。', None, 2)
2025-06-17 14:07:57,727 - root - ERROR - 达到最大重试次数，放弃串口连接
2025-06-17 14:07:58,039 - root - INFO - 摄像头资源已释放
2025-06-17 14:08:02,730 - root - ERROR - 串口连接失败 [1/5]: could not open port 'COM3': FileNotFoundError(2, '系统找不到指定的文件。', None, 2)
2025-06-17 14:08:03,733 - root - ERROR - 串口连接失败 [2/5]: could not open port 'COM3': FileNotFoundError(2, '系统找不到指定的文件。', None, 2)
2025-06-17 14:08:04,748 - root - ERROR - 串口连接失败 [3/5]: could not open port 'COM3': FileNotFoundError(2, '系统找不到指定的文件。', None, 2)
2025-06-17 14:08:05,758 - root - ERROR - 串口连接失败 [4/5]: could not open port 'COM3': FileNotFoundError(2, '系统找不到指定的文件。', None, 2)
2025-06-17 14:08:06,771 - root - ERROR - 串口连接失败 [5/5]: could not open port 'COM3': FileNotFoundError(2, '系统找不到指定的文件。', None, 2)
2025-06-17 14:08:07,781 - root - ERROR - 达到最大重试次数，放弃串口连接
2025-06-26 15:06:19,367 - root - INFO - 摄像头初始化完成，分辨率: 640x480
2025-06-26 15:06:30,399 - utils.torch_utils - INFO - Model Summary: 314 layers, 36497954 parameters, 6194944 gradients, 103.2 GFLOPS
2025-06-26 15:06:31,303 - utils.torch_utils - INFO - Model Summary: 314 layers, 36497954 parameters, 6194944 gradients, 103.2 GFLOPS
2025-06-26 15:06:31,382 - root - ERROR - 串口连接失败 [1/5]: could not open port 'COM3': FileNotFoundError(2, '系统找不到指定的文件。', None, 2)
2025-06-26 15:06:32,387 - root - ERROR - 串口连接失败 [2/5]: could not open port 'COM3': FileNotFoundError(2, '系统找不到指定的文件。', None, 2)
2025-06-26 15:06:33,391 - root - ERROR - 串口连接失败 [3/5]: could not open port 'COM3': FileNotFoundError(2, '系统找不到指定的文件。', None, 2)
2025-06-26 15:06:34,406 - root - ERROR - 串口连接失败 [4/5]: could not open port 'COM3': FileNotFoundError(2, '系统找不到指定的文件。', None, 2)
2025-06-26 15:06:35,411 - root - ERROR - 串口连接失败 [5/5]: could not open port 'COM3': FileNotFoundError(2, '系统找不到指定的文件。', None, 2)
2025-06-26 15:06:36,419 - root - ERROR - 达到最大重试次数，放弃串口连接
2025-06-26 15:06:36,823 - root - INFO - 摄像头资源已释放
2025-06-26 15:06:41,436 - root - ERROR - 串口连接失败 [1/5]: could not open port 'COM3': FileNotFoundError(2, '系统找不到指定的文件。', None, 2)
2025-06-26 15:06:42,443 - root - ERROR - 串口连接失败 [2/5]: could not open port 'COM3': FileNotFoundError(2, '系统找不到指定的文件。', None, 2)
2025-06-26 15:06:43,455 - root - ERROR - 串口连接失败 [3/5]: could not open port 'COM3': FileNotFoundError(2, '系统找不到指定的文件。', None, 2)
2025-06-26 15:06:44,464 - root - ERROR - 串口连接失败 [4/5]: could not open port 'COM3': FileNotFoundError(2, '系统找不到指定的文件。', None, 2)
2025-06-26 15:06:45,473 - root - ERROR - 串口连接失败 [5/5]: could not open port 'COM3': FileNotFoundError(2, '系统找不到指定的文件。', None, 2)
2025-06-26 15:06:46,482 - root - ERROR - 达到最大重试次数，放弃串口连接
